<?xml version="1.0" encoding="UTF-8"?>
<coverage generated="1712507227924" clover="3.2.0">
  <project timestamp="1712507227924" name="All files">
    <metrics statements="93" coveredstatements="77" conditionals="68" coveredconditionals="49" methods="8" coveredmethods="6" elements="169" coveredelements="132" complexity="0" loc="93" ncloc="93" packages="1" files="1" classes="1"/>
    <file name="index.js" path="/Users/varghesemathai/Development/PromptML/src/index.js">
      <metrics statements="93" coveredstatements="77" conditionals="68" coveredconditionals="49" methods="8" coveredmethods="6"/>
      <line num="1" count="1" type="stmt"/>
      <line num="3" count="1" type="stmt"/>
      <line num="4" count="1" type="stmt"/>
      <line num="5" count="1" type="stmt"/>
      <line num="6" count="1" type="stmt"/>
      <line num="7" count="1" type="stmt"/>
      <line num="9" count="1" type="stmt"/>
      <line num="15" count="1" type="stmt"/>
      <line num="23" count="8" type="stmt"/>
      <line num="25" count="8" type="stmt"/>
      <line num="27" count="8" type="stmt"/>
      <line num="28" count="8" type="stmt"/>
      <line num="31" count="8" type="cond" truecount="4" falsecount="0"/>
      <line num="32" count="1" type="stmt"/>
      <line num="36" count="7" type="stmt"/>
      <line num="37" count="7" type="cond" truecount="2" falsecount="0"/>
      <line num="38" count="1" type="stmt"/>
      <line num="39" count="1" type="cond" truecount="3" falsecount="1"/>
      <line num="40" count="1" type="stmt"/>
      <line num="41" count="1" type="cond" truecount="1" falsecount="1"/>
      <line num="43" count="0" type="stmt"/>
      <line num="46" count="1" type="stmt"/>
      <line num="48" count="1" type="stmt"/>
      <line num="53" count="7" type="stmt"/>
      <line num="54" count="7" type="cond" truecount="1" falsecount="1"/>
      <line num="55" count="7" type="cond" truecount="1" falsecount="1"/>
      <line num="57" count="7" type="stmt"/>
      <line num="60" count="0" type="stmt"/>
      <line num="64" count="7" type="stmt"/>
      <line num="65" count="7" type="stmt"/>
      <line num="66" count="7" type="cond" truecount="2" falsecount="0"/>
      <line num="67" count="6" type="stmt"/>
      <line num="68" count="8" type="cond" truecount="2" falsecount="0"/>
      <line num="69" count="2" type="stmt"/>
      <line num="71" count="2" type="cond" truecount="4" falsecount="1"/>
      <line num="72" count="2" type="stmt"/>
      <line num="73" count="2" type="stmt"/>
      <line num="74" count="2" type="stmt"/>
      <line num="75" count="2" type="stmt"/>
      <line num="76" count="2" type="cond" truecount="2" falsecount="0"/>
      <line num="77" count="1" type="stmt"/>
      <line num="79" count="1" type="stmt"/>
      <line num="82" count="6" type="cond" truecount="2" falsecount="0"/>
      <line num="83" count="1" type="stmt"/>
      <line num="84" count="1" type="cond" truecount="1" falsecount="1"/>
      <line num="85" count="0" type="stmt"/>
      <line num="88" count="5" type="cond" truecount="2" falsecount="0"/>
      <line num="89" count="2" type="stmt"/>
      <line num="90" count="2" type="stmt"/>
      <line num="91" count="2" type="cond" truecount="4" falsecount="0"/>
      <line num="92" count="1" type="stmt"/>
      <line num="95" count="3" type="cond" truecount="4" falsecount="0"/>
      <line num="96" count="1" type="cond" truecount="1" falsecount="1"/>
      <line num="97" count="0" type="cond" truecount="0" falsecount="2"/>
      <line num="98" count="0" type="stmt"/>
      <line num="102" count="2" type="cond" truecount="1" falsecount="1"/>
      <line num="103" count="1" type="stmt"/>
      <line num="107" count="2" type="cond" truecount="1" falsecount="1"/>
      <line num="108" count="2" type="stmt"/>
      <line num="109" count="2" type="stmt"/>
      <line num="111" count="2" type="cond" truecount="2" falsecount="0"/>
      <line num="112" count="1" type="cond" truecount="3" falsecount="1"/>
      <line num="113" count="1" type="stmt"/>
      <line num="116" count="1" type="cond" truecount="3" falsecount="1"/>
      <line num="118" count="1" type="stmt"/>
      <line num="119" count="1" type="stmt"/>
      <line num="121" count="0" type="stmt"/>
      <line num="128" count="3" type="stmt"/>
      <line num="130" count="5" type="stmt"/>
      <line num="131" count="5" type="stmt"/>
      <line num="136" count="7" type="stmt"/>
      <line num="137" count="7" type="stmt"/>
      <line num="147" count="7" type="stmt"/>
      <line num="151" count="2" type="cond" truecount="1" falsecount="1"/>
      <line num="152" count="0" type="stmt"/>
      <line num="153" count="0" type="cond" truecount="0" falsecount="2"/>
      <line num="155" count="2" type="stmt"/>
      <line num="162" count="2" type="stmt"/>
      <line num="163" count="2" type="stmt"/>
      <line num="165" count="1" type="stmt"/>
      <line num="166" count="1" type="stmt"/>
      <line num="170" count="2" type="stmt"/>
      <line num="171" count="1" type="cond" truecount="1" falsecount="1"/>
      <line num="172" count="0" type="stmt"/>
      <line num="173" count="0" type="stmt"/>
      <line num="176" count="1" type="stmt"/>
      <line num="180" count="0" type="stmt"/>
      <line num="181" count="0" type="stmt"/>
      <line num="182" count="0" type="cond" truecount="0" falsecount="2"/>
      <line num="183" count="0" type="stmt"/>
      <line num="186" count="0" type="stmt"/>
      <line num="187" count="0" type="stmt"/>
      <line num="191" count="1" type="stmt"/>
    </file>
  </project>
</coverage>
