{"/Users/varghesemathai/Development/PromptML/src/index.js": {"path":"/Users/varghesemathai/Development/PromptML/src/index.js","statementMap":{"0":{"start":{"line":1,"column":0},"end":{"line":1,"column":27}},"1":{"start":{"line":3,"column":12},"end":{"line":3,"column":26}},"2":{"start":{"line":4,"column":15},"end":{"line":4,"column":33}},"3":{"start":{"line":5,"column":11},"end":{"line":5,"column":24}},"4":{"start":{"line":6,"column":15},"end":{"line":6,"column":40}},"5":{"start":{"line":7,"column":15},"end":{"line":7,"column":27}},"6":{"start":{"line":9,"column":23},"end":{"line":11,"column":1}},"7":{"start":{"line":13,"column":20},"end":{"line":13,"column":94}},"8":{"start":{"line":21,"column":4},"end":{"line":112,"column":5}},"9":{"start":{"line":23,"column":29},"end":{"line":23,"column":62}},"10":{"start":{"line":25,"column":19},"end":{"line":25,"column":44}},"11":{"start":{"line":26,"column":21},"end":{"line":26,"column":26}},"12":{"start":{"line":29,"column":8},"end":{"line":31,"column":9}},"13":{"start":{"line":30,"column":12},"end":{"line":30,"column":73}},"14":{"start":{"line":34,"column":21},"end":{"line":34,"column":32}},"15":{"start":{"line":35,"column":8},"end":{"line":49,"column":9}},"16":{"start":{"line":36,"column":12},"end":{"line":48,"column":13}},"17":{"start":{"line":37,"column":16},"end":{"line":47,"column":17}},"18":{"start":{"line":38,"column":40},"end":{"line":38,"column":59}},"19":{"start":{"line":39,"column":20},"end":{"line":45,"column":21}},"20":{"start":{"line":41,"column":24},"end":{"line":41,"column":91}},"21":{"start":{"line":44,"column":24},"end":{"line":44,"column":98}},"22":{"start":{"line":46,"column":20},"end":{"line":46,"column":41}},"23":{"start":{"line":51,"column":23},"end":{"line":51,"column":25}},"24":{"start":{"line":52,"column":8},"end":{"line":59,"column":9}},"25":{"start":{"line":53,"column":27},"end":{"line":54,"column":41}},"26":{"start":{"line":55,"column":12},"end":{"line":55,"column":57}},"27":{"start":{"line":58,"column":12},"end":{"line":58,"column":59}},"28":{"start":{"line":62,"column":29},"end":{"line":62,"column":31}},"29":{"start":{"line":63,"column":27},"end":{"line":63,"column":29}},"30":{"start":{"line":64,"column":8},"end":{"line":106,"column":9}},"31":{"start":{"line":65,"column":12},"end":{"line":105,"column":13}},"32":{"start":{"line":66,"column":16},"end":{"line":104,"column":17}},"33":{"start":{"line":67,"column":20},"end":{"line":67,"column":57}},"34":{"start":{"line":69,"column":20},"end":{"line":78,"column":21}},"35":{"start":{"line":70,"column":24},"end":{"line":70,"column":40}},"36":{"start":{"line":71,"column":24},"end":{"line":71,"column":61}},"37":{"start":{"line":72,"column":24},"end":{"line":72,"column":71}},"38":{"start":{"line":73,"column":35},"end":{"line":73,"column":71}},"39":{"start":{"line":74,"column":24},"end":{"line":76,"column":25}},"40":{"start":{"line":75,"column":28},"end":{"line":75,"column":109}},"41":{"start":{"line":77,"column":24},"end":{"line":77,"column":40}},"42":{"start":{"line":80,"column":21},"end":{"line":104,"column":17}},"43":{"start":{"line":81,"column":43},"end":{"line":81,"column":62}},"44":{"start":{"line":82,"column":20},"end":{"line":84,"column":21}},"45":{"start":{"line":83,"column":24},"end":{"line":83,"column":75}},"46":{"start":{"line":86,"column":21},"end":{"line":104,"column":17}},"47":{"start":{"line":87,"column":44},"end":{"line":87,"column":68}},"48":{"start":{"line":88,"column":44},"end":{"line":88,"column":68}},"49":{"start":{"line":89,"column":20},"end":{"line":91,"column":21}},"50":{"start":{"line":90,"column":24},"end":{"line":90,"column":87}},"51":{"start":{"line":93,"column":21},"end":{"line":104,"column":17}},"52":{"start":{"line":94,"column":20},"end":{"line":103,"column":21}},"53":{"start":{"line":95,"column":24},"end":{"line":97,"column":25}},"54":{"start":{"line":96,"column":28},"end":{"line":96,"column":98}},"55":{"start":{"line":100,"column":24},"end":{"line":102,"column":25}},"56":{"start":{"line":100,"column":58},"end":{"line":100,"column":73}},"57":{"start":{"line":101,"column":28},"end":{"line":101,"column":98}},"58":{"start":{"line":108,"column":8},"end":{"line":108,"column":24}},"59":{"start":{"line":110,"column":8},"end":{"line":110,"column":45}},"60":{"start":{"line":111,"column":8},"end":{"line":111,"column":16}},"61":{"start":{"line":116,"column":4},"end":{"line":116,"column":40}},"62":{"start":{"line":117,"column":19},"end":{"line":126,"column":6}},"63":{"start":{"line":127,"column":4},"end":{"line":127,"column":18}},"64":{"start":{"line":131,"column":4},"end":{"line":134,"column":5}},"65":{"start":{"line":132,"column":23},"end":{"line":132,"column":48}},"66":{"start":{"line":133,"column":8},"end":{"line":133,"column":41}},"67":{"start":{"line":135,"column":4},"end":{"line":135,"column":20}},"68":{"start":{"line":142,"column":4},"end":{"line":147,"column":5}},"69":{"start":{"line":143,"column":8},"end":{"line":143,"column":44}},"70":{"start":{"line":145,"column":8},"end":{"line":145,"column":60}},"71":{"start":{"line":146,"column":8},"end":{"line":146,"column":20}},"72":{"start":{"line":150,"column":24},"end":{"line":150,"column":74}},"73":{"start":{"line":150,"column":51},"end":{"line":150,"column":73}},"74":{"start":{"line":151,"column":4},"end":{"line":154,"column":5}},"75":{"start":{"line":152,"column":8},"end":{"line":152,"column":86}},"76":{"start":{"line":153,"column":8},"end":{"line":153,"column":20}},"77":{"start":{"line":156,"column":4},"end":{"line":156,"column":24}},"78":{"start":{"line":160,"column":4},"end":{"line":168,"column":5}},"79":{"start":{"line":161,"column":23},"end":{"line":161,"column":49}},"80":{"start":{"line":162,"column":8},"end":{"line":164,"column":9}},"81":{"start":{"line":162,"column":41},"end":{"line":162,"column":64}},"82":{"start":{"line":163,"column":12},"end":{"line":163,"column":58}},"83":{"start":{"line":166,"column":8},"end":{"line":166,"column":61}},"84":{"start":{"line":167,"column":8},"end":{"line":167,"column":20}},"85":{"start":{"line":171,"column":0},"end":{"line":171,"column":26}}},"fnMap":{"0":{"name":"askTheAI","decl":{"start":{"line":20,"column":15},"end":{"line":20,"column":23}},"loc":{"start":{"line":20,"column":49},"end":{"line":113,"column":1}},"line":20},"1":{"name":"(anonymous_1)","decl":{"start":{"line":100,"column":53},"end":{"line":100,"column":54}},"loc":{"start":{"line":100,"column":58},"end":{"line":100,"column":73}},"line":100},"2":{"name":"processOpenAIPrompt","decl":{"start":{"line":115,"column":15},"end":{"line":115,"column":34}},"loc":{"start":{"line":115,"column":56},"end":{"line":128,"column":1}},"line":115},"3":{"name":"cleanupResponse","decl":{"start":{"line":130,"column":9},"end":{"line":130,"column":24}},"loc":{"start":{"line":130,"column":35},"end":{"line":136,"column":1}},"line":130},"4":{"name":"validateJSON","decl":{"start":{"line":138,"column":9},"end":{"line":138,"column":21}},"loc":{"start":{"line":138,"column":46},"end":{"line":157,"column":1}},"line":138},"5":{"name":"(anonymous_5)","decl":{"start":{"line":150,"column":44},"end":{"line":150,"column":45}},"loc":{"start":{"line":150,"column":51},"end":{"line":150,"column":73}},"line":150},"6":{"name":"validateLanguage","decl":{"start":{"line":159,"column":15},"end":{"line":159,"column":31}},"loc":{"start":{"line":159,"column":52},"end":{"line":169,"column":1}},"line":159},"7":{"name":"(anonymous_7)","decl":{"start":{"line":162,"column":33},"end":{"line":162,"column":34}},"loc":{"start":{"line":162,"column":41},"end":{"line":162,"column":64}},"line":162}},"branchMap":{"0":{"loc":{"start":{"line":20,"column":34},"end":{"line":20,"column":47}},"type":"default-arg","locations":[{"start":{"line":20,"column":43},"end":{"line":20,"column":47}}],"line":20},"1":{"loc":{"start":{"line":29,"column":8},"end":{"line":31,"column":9}},"type":"if","locations":[{"start":{"line":29,"column":8},"end":{"line":31,"column":9}},{"start":{},"end":{}}],"line":29},"2":{"loc":{"start":{"line":29,"column":12},"end":{"line":29,"column":40}},"type":"binary-expr","locations":[{"start":{"line":29,"column":12},"end":{"line":29,"column":24}},{"start":{"line":29,"column":28},"end":{"line":29,"column":40}}],"line":29},"3":{"loc":{"start":{"line":35,"column":8},"end":{"line":49,"column":9}},"type":"if","locations":[{"start":{"line":35,"column":8},"end":{"line":49,"column":9}},{"start":{},"end":{}}],"line":35},"4":{"loc":{"start":{"line":37,"column":16},"end":{"line":47,"column":17}},"type":"if","locations":[{"start":{"line":37,"column":16},"end":{"line":47,"column":17}},{"start":{},"end":{}}],"line":37},"5":{"loc":{"start":{"line":37,"column":20},"end":{"line":37,"column":57}},"type":"binary-expr","locations":[{"start":{"line":37,"column":20},"end":{"line":37,"column":43}},{"start":{"line":37,"column":47},"end":{"line":37,"column":57}}],"line":37},"6":{"loc":{"start":{"line":39,"column":20},"end":{"line":45,"column":21}},"type":"if","locations":[{"start":{"line":39,"column":20},"end":{"line":45,"column":21}},{"start":{"line":43,"column":25},"end":{"line":45,"column":21}}],"line":39},"7":{"loc":{"start":{"line":52,"column":8},"end":{"line":59,"column":9}},"type":"if","locations":[{"start":{"line":52,"column":8},"end":{"line":59,"column":9}},{"start":{"line":57,"column":13},"end":{"line":59,"column":9}}],"line":52},"8":{"loc":{"start":{"line":53,"column":53},"end":{"line":53,"column":88}},"type":"cond-expr","locations":[{"start":{"line":53,"column":65},"end":{"line":53,"column":74}},{"start":{"line":53,"column":77},"end":{"line":53,"column":88}}],"line":53},"9":{"loc":{"start":{"line":64,"column":8},"end":{"line":106,"column":9}},"type":"if","locations":[{"start":{"line":64,"column":8},"end":{"line":106,"column":9}},{"start":{},"end":{}}],"line":64},"10":{"loc":{"start":{"line":66,"column":16},"end":{"line":104,"column":17}},"type":"if","locations":[{"start":{"line":66,"column":16},"end":{"line":104,"column":17}},{"start":{"line":80,"column":21},"end":{"line":104,"column":17}}],"line":66},"11":{"loc":{"start":{"line":69,"column":20},"end":{"line":78,"column":21}},"type":"if","locations":[{"start":{"line":69,"column":20},"end":{"line":78,"column":21}},{"start":{},"end":{}}],"line":69},"12":{"loc":{"start":{"line":69,"column":24},"end":{"line":69,"column":105}},"type":"binary-expr","locations":[{"start":{"line":69,"column":24},"end":{"line":69,"column":49}},{"start":{"line":69,"column":53},"end":{"line":69,"column":70}},{"start":{"line":69,"column":74},"end":{"line":69,"column":105}}],"line":69},"13":{"loc":{"start":{"line":74,"column":24},"end":{"line":76,"column":25}},"type":"if","locations":[{"start":{"line":74,"column":24},"end":{"line":76,"column":25}},{"start":{},"end":{}}],"line":74},"14":{"loc":{"start":{"line":80,"column":21},"end":{"line":104,"column":17}},"type":"if","locations":[{"start":{"line":80,"column":21},"end":{"line":104,"column":17}},{"start":{"line":86,"column":21},"end":{"line":104,"column":17}}],"line":80},"15":{"loc":{"start":{"line":82,"column":20},"end":{"line":84,"column":21}},"type":"if","locations":[{"start":{"line":82,"column":20},"end":{"line":84,"column":21}},{"start":{},"end":{}}],"line":82},"16":{"loc":{"start":{"line":86,"column":21},"end":{"line":104,"column":17}},"type":"if","locations":[{"start":{"line":86,"column":21},"end":{"line":104,"column":17}},{"start":{"line":93,"column":21},"end":{"line":104,"column":17}}],"line":86},"17":{"loc":{"start":{"line":89,"column":20},"end":{"line":91,"column":21}},"type":"if","locations":[{"start":{"line":89,"column":20},"end":{"line":91,"column":21}},{"start":{},"end":{}}],"line":89},"18":{"loc":{"start":{"line":89,"column":24},"end":{"line":89,"column":120}},"type":"binary-expr","locations":[{"start":{"line":89,"column":24},"end":{"line":89,"column":70}},{"start":{"line":89,"column":74},"end":{"line":89,"column":120}}],"line":89},"19":{"loc":{"start":{"line":93,"column":21},"end":{"line":104,"column":17}},"type":"if","locations":[{"start":{"line":93,"column":21},"end":{"line":104,"column":17}},{"start":{},"end":{}}],"line":93},"20":{"loc":{"start":{"line":93,"column":25},"end":{"line":93,"column":93}},"type":"binary-expr","locations":[{"start":{"line":93,"column":25},"end":{"line":93,"column":55}},{"start":{"line":93,"column":59},"end":{"line":93,"column":93}}],"line":93},"21":{"loc":{"start":{"line":94,"column":20},"end":{"line":103,"column":21}},"type":"if","locations":[{"start":{"line":94,"column":20},"end":{"line":103,"column":21}},{"start":{"line":99,"column":25},"end":{"line":103,"column":21}}],"line":94},"22":{"loc":{"start":{"line":95,"column":24},"end":{"line":97,"column":25}},"type":"if","locations":[{"start":{"line":95,"column":24},"end":{"line":97,"column":25}},{"start":{},"end":{}}],"line":95},"23":{"loc":{"start":{"line":100,"column":24},"end":{"line":102,"column":25}},"type":"if","locations":[{"start":{"line":100,"column":24},"end":{"line":102,"column":25}},{"start":{},"end":{}}],"line":100},"24":{"loc":{"start":{"line":131,"column":4},"end":{"line":134,"column":5}},"type":"if","locations":[{"start":{"line":131,"column":4},"end":{"line":134,"column":5}},{"start":{},"end":{}}],"line":131},"25":{"loc":{"start":{"line":133,"column":15},"end":{"line":133,"column":40}},"type":"cond-expr","locations":[{"start":{"line":133,"column":24},"end":{"line":133,"column":33}},{"start":{"line":133,"column":36},"end":{"line":133,"column":40}}],"line":133},"26":{"loc":{"start":{"line":151,"column":4},"end":{"line":154,"column":5}},"type":"if","locations":[{"start":{"line":151,"column":4},"end":{"line":154,"column":5}},{"start":{},"end":{}}],"line":151},"27":{"loc":{"start":{"line":162,"column":8},"end":{"line":164,"column":9}},"type":"if","locations":[{"start":{"line":162,"column":8},"end":{"line":164,"column":9}},{"start":{},"end":{}}],"line":162}},"s":{"0":1,"1":1,"2":1,"3":1,"4":1,"5":1,"6":1,"7":1,"8":6,"9":6,"10":6,"11":6,"12":6,"13":1,"14":5,"15":5,"16":1,"17":1,"18":1,"19":1,"20":0,"21":1,"22":1,"23":5,"24":5,"25":5,"26":5,"27":0,"28":5,"29":5,"30":5,"31":4,"32":6,"33":2,"34":2,"35":2,"36":2,"37":2,"38":2,"39":2,"40":1,"41":1,"42":4,"43":1,"44":1,"45":0,"46":3,"47":2,"48":2,"49":2,"50":1,"51":1,"52":1,"53":0,"54":0,"55":1,"56":2,"57":1,"58":2,"59":4,"60":4,"61":5,"62":5,"63":5,"64":2,"65":0,"66":0,"67":2,"68":2,"69":2,"70":1,"71":1,"72":1,"73":2,"74":1,"75":0,"76":0,"77":1,"78":0,"79":0,"80":0,"81":0,"82":0,"83":0,"84":0,"85":1},"f":{"0":6,"1":2,"2":5,"3":2,"4":2,"5":2,"6":0,"7":0},"b":{"0":[5],"1":[1,5],"2":[6,5],"3":[1,4],"4":[1,0],"5":[1,1],"6":[0,1],"7":[5,0],"8":[5,0],"9":[4,1],"10":[2,4],"11":[2,0],"12":[2,2,2],"13":[1,1],"14":[1,3],"15":[0,1],"16":[2,1],"17":[1,1],"18":[2,1],"19":[1,0],"20":[1,1],"21":[0,1],"22":[0,0],"23":[1,0],"24":[0,2],"25":[0,0],"26":[0,1],"27":[0,0]},"_coverageSchema":"1a1c01bbd47fc00a2c39e90264f33305004495a9","hash":"75018f4c023f0693652ebf9f63ae3b6974079c29"}
}
