{"/Users/varghesemathai/Development/PromptML/src/index.js": {"path":"/Users/varghesemathai/Development/PromptML/src/index.js","statementMap":{"0":{"start":{"line":1,"column":0},"end":{"line":1,"column":27}},"1":{"start":{"line":3,"column":12},"end":{"line":3,"column":26}},"2":{"start":{"line":4,"column":15},"end":{"line":4,"column":33}},"3":{"start":{"line":5,"column":11},"end":{"line":5,"column":24}},"4":{"start":{"line":6,"column":15},"end":{"line":6,"column":40}},"5":{"start":{"line":7,"column":15},"end":{"line":7,"column":27}},"6":{"start":{"line":9,"column":23},"end":{"line":13,"column":1}},"7":{"start":{"line":15,"column":20},"end":{"line":15,"column":94}},"8":{"start":{"line":23,"column":4},"end":{"line":132,"column":5}},"9":{"start":{"line":25,"column":29},"end":{"line":25,"column":62}},"10":{"start":{"line":27,"column":19},"end":{"line":27,"column":44}},"11":{"start":{"line":28,"column":21},"end":{"line":28,"column":26}},"12":{"start":{"line":31,"column":8},"end":{"line":33,"column":9}},"13":{"start":{"line":32,"column":12},"end":{"line":32,"column":73}},"14":{"start":{"line":36,"column":21},"end":{"line":36,"column":32}},"15":{"start":{"line":37,"column":8},"end":{"line":51,"column":9}},"16":{"start":{"line":38,"column":12},"end":{"line":50,"column":13}},"17":{"start":{"line":39,"column":16},"end":{"line":49,"column":17}},"18":{"start":{"line":40,"column":40},"end":{"line":40,"column":59}},"19":{"start":{"line":41,"column":20},"end":{"line":47,"column":21}},"20":{"start":{"line":43,"column":24},"end":{"line":43,"column":91}},"21":{"start":{"line":46,"column":24},"end":{"line":46,"column":98}},"22":{"start":{"line":48,"column":20},"end":{"line":48,"column":41}},"23":{"start":{"line":53,"column":23},"end":{"line":53,"column":25}},"24":{"start":{"line":54,"column":8},"end":{"line":61,"column":9}},"25":{"start":{"line":55,"column":27},"end":{"line":56,"column":41}},"26":{"start":{"line":57,"column":12},"end":{"line":57,"column":57}},"27":{"start":{"line":60,"column":12},"end":{"line":60,"column":59}},"28":{"start":{"line":64,"column":29},"end":{"line":64,"column":31}},"29":{"start":{"line":65,"column":27},"end":{"line":65,"column":29}},"30":{"start":{"line":66,"column":8},"end":{"line":126,"column":9}},"31":{"start":{"line":67,"column":12},"end":{"line":125,"column":13}},"32":{"start":{"line":68,"column":16},"end":{"line":124,"column":17}},"33":{"start":{"line":69,"column":20},"end":{"line":69,"column":57}},"34":{"start":{"line":71,"column":20},"end":{"line":80,"column":21}},"35":{"start":{"line":72,"column":24},"end":{"line":72,"column":40}},"36":{"start":{"line":73,"column":24},"end":{"line":73,"column":61}},"37":{"start":{"line":74,"column":24},"end":{"line":74,"column":71}},"38":{"start":{"line":75,"column":35},"end":{"line":75,"column":71}},"39":{"start":{"line":76,"column":24},"end":{"line":78,"column":25}},"40":{"start":{"line":77,"column":28},"end":{"line":77,"column":109}},"41":{"start":{"line":79,"column":24},"end":{"line":79,"column":40}},"42":{"start":{"line":82,"column":21},"end":{"line":124,"column":17}},"43":{"start":{"line":83,"column":43},"end":{"line":83,"column":62}},"44":{"start":{"line":84,"column":20},"end":{"line":86,"column":21}},"45":{"start":{"line":85,"column":24},"end":{"line":85,"column":75}},"46":{"start":{"line":88,"column":21},"end":{"line":124,"column":17}},"47":{"start":{"line":89,"column":44},"end":{"line":89,"column":68}},"48":{"start":{"line":90,"column":44},"end":{"line":90,"column":68}},"49":{"start":{"line":91,"column":20},"end":{"line":93,"column":21}},"50":{"start":{"line":92,"column":24},"end":{"line":92,"column":87}},"51":{"start":{"line":95,"column":21},"end":{"line":124,"column":17}},"52":{"start":{"line":96,"column":20},"end":{"line":105,"column":21}},"53":{"start":{"line":97,"column":24},"end":{"line":99,"column":25}},"54":{"start":{"line":98,"column":28},"end":{"line":98,"column":98}},"55":{"start":{"line":102,"column":24},"end":{"line":104,"column":25}},"56":{"start":{"line":102,"column":58},"end":{"line":102,"column":73}},"57":{"start":{"line":103,"column":28},"end":{"line":103,"column":98}},"58":{"start":{"line":107,"column":21},"end":{"line":124,"column":17}},"59":{"start":{"line":108,"column":34},"end":{"line":108,"column":65}},"60":{"start":{"line":109,"column":36},"end":{"line":109,"column":57}},"61":{"start":{"line":111,"column":20},"end":{"line":123,"column":21}},"62":{"start":{"line":112,"column":24},"end":{"line":114,"column":25}},"63":{"start":{"line":113,"column":28},"end":{"line":113,"column":119}},"64":{"start":{"line":116,"column":24},"end":{"line":122,"column":25}},"65":{"start":{"line":118,"column":28},"end":{"line":118,"column":78}},"66":{"start":{"line":119,"column":28},"end":{"line":119,"column":50}},"67":{"start":{"line":121,"column":28},"end":{"line":121,"column":72}},"68":{"start":{"line":128,"column":8},"end":{"line":128,"column":24}},"69":{"start":{"line":130,"column":8},"end":{"line":130,"column":45}},"70":{"start":{"line":131,"column":8},"end":{"line":131,"column":16}},"71":{"start":{"line":136,"column":4},"end":{"line":136,"column":40}},"72":{"start":{"line":137,"column":19},"end":{"line":146,"column":6}},"73":{"start":{"line":147,"column":4},"end":{"line":147,"column":18}},"74":{"start":{"line":151,"column":4},"end":{"line":154,"column":5}},"75":{"start":{"line":152,"column":23},"end":{"line":152,"column":48}},"76":{"start":{"line":153,"column":8},"end":{"line":153,"column":41}},"77":{"start":{"line":155,"column":4},"end":{"line":155,"column":20}},"78":{"start":{"line":162,"column":4},"end":{"line":167,"column":5}},"79":{"start":{"line":163,"column":8},"end":{"line":163,"column":44}},"80":{"start":{"line":165,"column":8},"end":{"line":165,"column":60}},"81":{"start":{"line":166,"column":8},"end":{"line":166,"column":20}},"82":{"start":{"line":170,"column":24},"end":{"line":170,"column":74}},"83":{"start":{"line":170,"column":51},"end":{"line":170,"column":73}},"84":{"start":{"line":171,"column":4},"end":{"line":174,"column":5}},"85":{"start":{"line":172,"column":8},"end":{"line":172,"column":86}},"86":{"start":{"line":173,"column":8},"end":{"line":173,"column":20}},"87":{"start":{"line":176,"column":4},"end":{"line":176,"column":24}},"88":{"start":{"line":180,"column":4},"end":{"line":188,"column":5}},"89":{"start":{"line":181,"column":23},"end":{"line":181,"column":49}},"90":{"start":{"line":182,"column":8},"end":{"line":184,"column":9}},"91":{"start":{"line":182,"column":42},"end":{"line":182,"column":65}},"92":{"start":{"line":183,"column":12},"end":{"line":183,"column":58}},"93":{"start":{"line":186,"column":8},"end":{"line":186,"column":61}},"94":{"start":{"line":187,"column":8},"end":{"line":187,"column":20}},"95":{"start":{"line":191,"column":0},"end":{"line":191,"column":26}}},"fnMap":{"0":{"name":"askTheAI","decl":{"start":{"line":22,"column":15},"end":{"line":22,"column":23}},"loc":{"start":{"line":22,"column":49},"end":{"line":133,"column":1}},"line":22},"1":{"name":"(anonymous_1)","decl":{"start":{"line":102,"column":53},"end":{"line":102,"column":54}},"loc":{"start":{"line":102,"column":58},"end":{"line":102,"column":73}},"line":102},"2":{"name":"processOpenAIPrompt","decl":{"start":{"line":135,"column":15},"end":{"line":135,"column":34}},"loc":{"start":{"line":135,"column":56},"end":{"line":148,"column":1}},"line":135},"3":{"name":"cleanupResponse","decl":{"start":{"line":150,"column":9},"end":{"line":150,"column":24}},"loc":{"start":{"line":150,"column":35},"end":{"line":156,"column":1}},"line":150},"4":{"name":"validateJSON","decl":{"start":{"line":158,"column":9},"end":{"line":158,"column":21}},"loc":{"start":{"line":158,"column":46},"end":{"line":177,"column":1}},"line":158},"5":{"name":"(anonymous_5)","decl":{"start":{"line":170,"column":44},"end":{"line":170,"column":45}},"loc":{"start":{"line":170,"column":51},"end":{"line":170,"column":73}},"line":170},"6":{"name":"validateLanguage","decl":{"start":{"line":179,"column":15},"end":{"line":179,"column":31}},"loc":{"start":{"line":179,"column":52},"end":{"line":189,"column":1}},"line":179},"7":{"name":"(anonymous_7)","decl":{"start":{"line":182,"column":34},"end":{"line":182,"column":35}},"loc":{"start":{"line":182,"column":42},"end":{"line":182,"column":65}},"line":182}},"branchMap":{"0":{"loc":{"start":{"line":22,"column":34},"end":{"line":22,"column":47}},"type":"default-arg","locations":[{"start":{"line":22,"column":43},"end":{"line":22,"column":47}}],"line":22},"1":{"loc":{"start":{"line":31,"column":8},"end":{"line":33,"column":9}},"type":"if","locations":[{"start":{"line":31,"column":8},"end":{"line":33,"column":9}},{"start":{},"end":{}}],"line":31},"2":{"loc":{"start":{"line":31,"column":12},"end":{"line":31,"column":40}},"type":"binary-expr","locations":[{"start":{"line":31,"column":12},"end":{"line":31,"column":24}},{"start":{"line":31,"column":28},"end":{"line":31,"column":40}}],"line":31},"3":{"loc":{"start":{"line":37,"column":8},"end":{"line":51,"column":9}},"type":"if","locations":[{"start":{"line":37,"column":8},"end":{"line":51,"column":9}},{"start":{},"end":{}}],"line":37},"4":{"loc":{"start":{"line":39,"column":16},"end":{"line":49,"column":17}},"type":"if","locations":[{"start":{"line":39,"column":16},"end":{"line":49,"column":17}},{"start":{},"end":{}}],"line":39},"5":{"loc":{"start":{"line":39,"column":20},"end":{"line":39,"column":57}},"type":"binary-expr","locations":[{"start":{"line":39,"column":20},"end":{"line":39,"column":43}},{"start":{"line":39,"column":47},"end":{"line":39,"column":57}}],"line":39},"6":{"loc":{"start":{"line":41,"column":20},"end":{"line":47,"column":21}},"type":"if","locations":[{"start":{"line":41,"column":20},"end":{"line":47,"column":21}},{"start":{"line":45,"column":25},"end":{"line":47,"column":21}}],"line":41},"7":{"loc":{"start":{"line":54,"column":8},"end":{"line":61,"column":9}},"type":"if","locations":[{"start":{"line":54,"column":8},"end":{"line":61,"column":9}},{"start":{"line":59,"column":13},"end":{"line":61,"column":9}}],"line":54},"8":{"loc":{"start":{"line":55,"column":53},"end":{"line":55,"column":88}},"type":"cond-expr","locations":[{"start":{"line":55,"column":65},"end":{"line":55,"column":74}},{"start":{"line":55,"column":77},"end":{"line":55,"column":88}}],"line":55},"9":{"loc":{"start":{"line":66,"column":8},"end":{"line":126,"column":9}},"type":"if","locations":[{"start":{"line":66,"column":8},"end":{"line":126,"column":9}},{"start":{},"end":{}}],"line":66},"10":{"loc":{"start":{"line":68,"column":16},"end":{"line":124,"column":17}},"type":"if","locations":[{"start":{"line":68,"column":16},"end":{"line":124,"column":17}},{"start":{"line":82,"column":21},"end":{"line":124,"column":17}}],"line":68},"11":{"loc":{"start":{"line":71,"column":20},"end":{"line":80,"column":21}},"type":"if","locations":[{"start":{"line":71,"column":20},"end":{"line":80,"column":21}},{"start":{},"end":{}}],"line":71},"12":{"loc":{"start":{"line":71,"column":24},"end":{"line":71,"column":105}},"type":"binary-expr","locations":[{"start":{"line":71,"column":24},"end":{"line":71,"column":49}},{"start":{"line":71,"column":53},"end":{"line":71,"column":70}},{"start":{"line":71,"column":74},"end":{"line":71,"column":105}}],"line":71},"13":{"loc":{"start":{"line":76,"column":24},"end":{"line":78,"column":25}},"type":"if","locations":[{"start":{"line":76,"column":24},"end":{"line":78,"column":25}},{"start":{},"end":{}}],"line":76},"14":{"loc":{"start":{"line":82,"column":21},"end":{"line":124,"column":17}},"type":"if","locations":[{"start":{"line":82,"column":21},"end":{"line":124,"column":17}},{"start":{"line":88,"column":21},"end":{"line":124,"column":17}}],"line":82},"15":{"loc":{"start":{"line":84,"column":20},"end":{"line":86,"column":21}},"type":"if","locations":[{"start":{"line":84,"column":20},"end":{"line":86,"column":21}},{"start":{},"end":{}}],"line":84},"16":{"loc":{"start":{"line":88,"column":21},"end":{"line":124,"column":17}},"type":"if","locations":[{"start":{"line":88,"column":21},"end":{"line":124,"column":17}},{"start":{"line":95,"column":21},"end":{"line":124,"column":17}}],"line":88},"17":{"loc":{"start":{"line":91,"column":20},"end":{"line":93,"column":21}},"type":"if","locations":[{"start":{"line":91,"column":20},"end":{"line":93,"column":21}},{"start":{},"end":{}}],"line":91},"18":{"loc":{"start":{"line":91,"column":24},"end":{"line":91,"column":120}},"type":"binary-expr","locations":[{"start":{"line":91,"column":24},"end":{"line":91,"column":70}},{"start":{"line":91,"column":74},"end":{"line":91,"column":120}}],"line":91},"19":{"loc":{"start":{"line":95,"column":21},"end":{"line":124,"column":17}},"type":"if","locations":[{"start":{"line":95,"column":21},"end":{"line":124,"column":17}},{"start":{"line":107,"column":21},"end":{"line":124,"column":17}}],"line":95},"20":{"loc":{"start":{"line":95,"column":25},"end":{"line":95,"column":93}},"type":"binary-expr","locations":[{"start":{"line":95,"column":25},"end":{"line":95,"column":55}},{"start":{"line":95,"column":59},"end":{"line":95,"column":93}}],"line":95},"21":{"loc":{"start":{"line":96,"column":20},"end":{"line":105,"column":21}},"type":"if","locations":[{"start":{"line":96,"column":20},"end":{"line":105,"column":21}},{"start":{"line":101,"column":25},"end":{"line":105,"column":21}}],"line":96},"22":{"loc":{"start":{"line":97,"column":24},"end":{"line":99,"column":25}},"type":"if","locations":[{"start":{"line":97,"column":24},"end":{"line":99,"column":25}},{"start":{},"end":{}}],"line":97},"23":{"loc":{"start":{"line":102,"column":24},"end":{"line":104,"column":25}},"type":"if","locations":[{"start":{"line":102,"column":24},"end":{"line":104,"column":25}},{"start":{},"end":{}}],"line":102},"24":{"loc":{"start":{"line":107,"column":21},"end":{"line":124,"column":17}},"type":"if","locations":[{"start":{"line":107,"column":21},"end":{"line":124,"column":17}},{"start":{},"end":{}}],"line":107},"25":{"loc":{"start":{"line":111,"column":20},"end":{"line":123,"column":21}},"type":"if","locations":[{"start":{"line":111,"column":20},"end":{"line":123,"column":21}},{"start":{"line":115,"column":27},"end":{"line":123,"column":21}}],"line":111},"26":{"loc":{"start":{"line":112,"column":24},"end":{"line":114,"column":25}},"type":"if","locations":[{"start":{"line":112,"column":24},"end":{"line":114,"column":25}},{"start":{},"end":{}}],"line":112},"27":{"loc":{"start":{"line":112,"column":28},"end":{"line":112,"column":75}},"type":"binary-expr","locations":[{"start":{"line":112,"column":28},"end":{"line":112,"column":36}},{"start":{"line":112,"column":40},"end":{"line":112,"column":75}}],"line":112},"28":{"loc":{"start":{"line":116,"column":24},"end":{"line":122,"column":25}},"type":"if","locations":[{"start":{"line":116,"column":24},"end":{"line":122,"column":25}},{"start":{"line":120,"column":31},"end":{"line":122,"column":25}}],"line":116},"29":{"loc":{"start":{"line":116,"column":28},"end":{"line":116,"column":49}},"type":"binary-expr","locations":[{"start":{"line":116,"column":28},"end":{"line":116,"column":35}},{"start":{"line":116,"column":39},"end":{"line":116,"column":49}}],"line":116},"30":{"loc":{"start":{"line":151,"column":4},"end":{"line":154,"column":5}},"type":"if","locations":[{"start":{"line":151,"column":4},"end":{"line":154,"column":5}},{"start":{},"end":{}}],"line":151},"31":{"loc":{"start":{"line":153,"column":15},"end":{"line":153,"column":40}},"type":"cond-expr","locations":[{"start":{"line":153,"column":24},"end":{"line":153,"column":33}},{"start":{"line":153,"column":36},"end":{"line":153,"column":40}}],"line":153},"32":{"loc":{"start":{"line":171,"column":4},"end":{"line":174,"column":5}},"type":"if","locations":[{"start":{"line":171,"column":4},"end":{"line":174,"column":5}},{"start":{},"end":{}}],"line":171},"33":{"loc":{"start":{"line":182,"column":8},"end":{"line":184,"column":9}},"type":"if","locations":[{"start":{"line":182,"column":8},"end":{"line":184,"column":9}},{"start":{},"end":{}}],"line":182}},"s":{"0":1,"1":1,"2":1,"3":1,"4":1,"5":1,"6":1,"7":1,"8":8,"9":8,"10":8,"11":8,"12":8,"13":1,"14":7,"15":7,"16":1,"17":1,"18":1,"19":1,"20":0,"21":1,"22":1,"23":7,"24":7,"25":7,"26":7,"27":0,"28":7,"29":7,"30":7,"31":6,"32":8,"33":2,"34":2,"35":2,"36":2,"37":2,"38":2,"39":2,"40":1,"41":1,"42":6,"43":1,"44":1,"45":0,"46":5,"47":2,"48":2,"49":2,"50":1,"51":3,"52":1,"53":0,"54":0,"55":1,"56":2,"57":1,"58":2,"59":2,"60":2,"61":2,"62":1,"63":1,"64":1,"65":1,"66":1,"67":0,"68":3,"69":5,"70":5,"71":7,"72":7,"73":7,"74":2,"75":0,"76":0,"77":2,"78":2,"79":2,"80":1,"81":1,"82":1,"83":2,"84":1,"85":0,"86":0,"87":1,"88":0,"89":0,"90":0,"91":0,"92":0,"93":0,"94":0,"95":1},"f":{"0":8,"1":2,"2":7,"3":2,"4":2,"5":2,"6":0,"7":0},"b":{"0":[7],"1":[1,7],"2":[8,7],"3":[1,6],"4":[1,0],"5":[1,1],"6":[0,1],"7":[7,0],"8":[7,0],"9":[6,1],"10":[2,6],"11":[2,0],"12":[2,2,2],"13":[1,1],"14":[1,5],"15":[0,1],"16":[2,3],"17":[1,1],"18":[2,1],"19":[1,2],"20":[3,1],"21":[0,1],"22":[0,0],"23":[1,0],"24":[2,0],"25":[1,1],"26":[1,0],"27":[1,1],"28":[1,0],"29":[1,1],"30":[0,2],"31":[0,0],"32":[0,1],"33":[0,0]},"_coverageSchema":"1a1c01bbd47fc00a2c39e90264f33305004495a9","hash":"db60e6a21d531a720127d88861b9790e1e5cba55"}
}
