TN:
SF:src/index.js
FN:20,askTheAI
FN:100,(anonymous_1)
FN:115,processOpenAIPrompt
FN:130,cleanupResponse
FN:138,validateJSON
FN:150,(anonymous_5)
FN:159,validateLanguage
FN:162,(anonymous_7)
FNF:8
FNH:6
FNDA:6,askTheAI
FNDA:2,(anonymous_1)
FNDA:5,processOpenAIPrompt
FNDA:2,cleanupResponse
FNDA:2,validateJSON
FNDA:2,(anonymous_5)
FNDA:0,validateLanguage
FNDA:0,(anonymous_7)
DA:1,1
DA:3,1
DA:4,1
DA:5,1
DA:6,1
DA:7,1
DA:9,1
DA:13,1
DA:21,6
DA:23,6
DA:25,6
DA:26,6
DA:29,6
DA:30,1
DA:34,5
DA:35,5
DA:36,1
DA:37,1
DA:38,1
DA:39,1
DA:41,0
DA:44,1
DA:46,1
DA:51,5
DA:52,5
DA:53,5
DA:55,5
DA:58,0
DA:62,5
DA:63,5
DA:64,5
DA:65,4
DA:66,6
DA:67,2
DA:69,2
DA:70,2
DA:71,2
DA:72,2
DA:73,2
DA:74,2
DA:75,1
DA:77,1
DA:80,4
DA:81,1
DA:82,1
DA:83,0
DA:86,3
DA:87,2
DA:88,2
DA:89,2
DA:90,1
DA:93,1
DA:94,1
DA:95,0
DA:96,0
DA:100,2
DA:101,1
DA:108,2
DA:110,4
DA:111,4
DA:116,5
DA:117,5
DA:127,5
DA:131,2
DA:132,0
DA:133,0
DA:135,2
DA:142,2
DA:143,2
DA:145,1
DA:146,1
DA:150,2
DA:151,1
DA:152,0
DA:153,0
DA:156,1
DA:160,0
DA:161,0
DA:162,0
DA:163,0
DA:166,0
DA:167,0
DA:171,1
LF:83
LH:68
BRDA:20,0,0,5
BRDA:29,1,0,1
BRDA:29,1,1,5
BRDA:29,2,0,6
BRDA:29,2,1,5
BRDA:35,3,0,1
BRDA:35,3,1,4
BRDA:37,4,0,1
BRDA:37,4,1,0
BRDA:37,5,0,1
BRDA:37,5,1,1
BRDA:39,6,0,0
BRDA:39,6,1,1
BRDA:52,7,0,5
BRDA:52,7,1,0
BRDA:53,8,0,5
BRDA:53,8,1,0
BRDA:64,9,0,4
BRDA:64,9,1,1
BRDA:66,10,0,2
BRDA:66,10,1,4
BRDA:69,11,0,2
BRDA:69,11,1,0
BRDA:69,12,0,2
BRDA:69,12,1,2
BRDA:69,12,2,2
BRDA:74,13,0,1
BRDA:74,13,1,1
BRDA:80,14,0,1
BRDA:80,14,1,3
BRDA:82,15,0,0
BRDA:82,15,1,1
BRDA:86,16,0,2
BRDA:86,16,1,1
BRDA:89,17,0,1
BRDA:89,17,1,1
BRDA:89,18,0,2
BRDA:89,18,1,1
BRDA:93,19,0,1
BRDA:93,19,1,0
BRDA:93,20,0,1
BRDA:93,20,1,1
BRDA:94,21,0,0
BRDA:94,21,1,1
BRDA:95,22,0,0
BRDA:95,22,1,0
BRDA:100,23,0,1
BRDA:100,23,1,0
BRDA:131,24,0,0
BRDA:131,24,1,2
BRDA:133,25,0,0
BRDA:133,25,1,0
BRDA:151,26,0,0
BRDA:151,26,1,1
BRDA:162,27,0,0
BRDA:162,27,1,0
BRF:56
BRH:39
end_of_record
