TN:
SF:src/index.js
FN:22,askTheAI
FN:102,(anonymous_1)
FN:135,processOpenAIPrompt
FN:150,cleanupResponse
FN:158,validateJSON
FN:170,(anonymous_5)
FN:179,validateLanguage
FN:182,(anonymous_7)
FNF:8
FNH:6
FNDA:8,askTheAI
FNDA:2,(anonymous_1)
FNDA:7,processOpenAIPrompt
FNDA:2,cleanupResponse
FNDA:2,validateJSON
FNDA:2,(anonymous_5)
FNDA:0,validateLanguage
FNDA:0,(anonymous_7)
DA:1,1
DA:3,1
DA:4,1
DA:5,1
DA:6,1
DA:7,1
DA:9,1
DA:15,1
DA:23,8
DA:25,8
DA:27,8
DA:28,8
DA:31,8
DA:32,1
DA:36,7
DA:37,7
DA:38,1
DA:39,1
DA:40,1
DA:41,1
DA:43,0
DA:46,1
DA:48,1
DA:53,7
DA:54,7
DA:55,7
DA:57,7
DA:60,0
DA:64,7
DA:65,7
DA:66,7
DA:67,6
DA:68,8
DA:69,2
DA:71,2
DA:72,2
DA:73,2
DA:74,2
DA:75,2
DA:76,2
DA:77,1
DA:79,1
DA:82,6
DA:83,1
DA:84,1
DA:85,0
DA:88,5
DA:89,2
DA:90,2
DA:91,2
DA:92,1
DA:95,3
DA:96,1
DA:97,0
DA:98,0
DA:102,2
DA:103,1
DA:107,2
DA:108,2
DA:109,2
DA:111,2
DA:112,1
DA:113,1
DA:116,1
DA:118,1
DA:119,1
DA:121,0
DA:128,3
DA:130,5
DA:131,5
DA:136,7
DA:137,7
DA:147,7
DA:151,2
DA:152,0
DA:153,0
DA:155,2
DA:162,2
DA:163,2
DA:165,1
DA:166,1
DA:170,2
DA:171,1
DA:172,0
DA:173,0
DA:176,1
DA:180,0
DA:181,0
DA:182,0
DA:183,0
DA:186,0
DA:187,0
DA:191,1
LF:93
LH:77
BRDA:22,0,0,7
BRDA:31,1,0,1
BRDA:31,1,1,7
BRDA:31,2,0,8
BRDA:31,2,1,7
BRDA:37,3,0,1
BRDA:37,3,1,6
BRDA:39,4,0,1
BRDA:39,4,1,0
BRDA:39,5,0,1
BRDA:39,5,1,1
BRDA:41,6,0,0
BRDA:41,6,1,1
BRDA:54,7,0,7
BRDA:54,7,1,0
BRDA:55,8,0,7
BRDA:55,8,1,0
BRDA:66,9,0,6
BRDA:66,9,1,1
BRDA:68,10,0,2
BRDA:68,10,1,6
BRDA:71,11,0,2
BRDA:71,11,1,0
BRDA:71,12,0,2
BRDA:71,12,1,2
BRDA:71,12,2,2
BRDA:76,13,0,1
BRDA:76,13,1,1
BRDA:82,14,0,1
BRDA:82,14,1,5
BRDA:84,15,0,0
BRDA:84,15,1,1
BRDA:88,16,0,2
BRDA:88,16,1,3
BRDA:91,17,0,1
BRDA:91,17,1,1
BRDA:91,18,0,2
BRDA:91,18,1,1
BRDA:95,19,0,1
BRDA:95,19,1,2
BRDA:95,20,0,3
BRDA:95,20,1,1
BRDA:96,21,0,0
BRDA:96,21,1,1
BRDA:97,22,0,0
BRDA:97,22,1,0
BRDA:102,23,0,1
BRDA:102,23,1,0
BRDA:107,24,0,2
BRDA:107,24,1,0
BRDA:111,25,0,1
BRDA:111,25,1,1
BRDA:112,26,0,1
BRDA:112,26,1,0
BRDA:112,27,0,1
BRDA:112,27,1,1
BRDA:116,28,0,1
BRDA:116,28,1,0
BRDA:116,29,0,1
BRDA:116,29,1,1
BRDA:151,30,0,0
BRDA:151,30,1,2
BRDA:153,31,0,0
BRDA:153,31,1,0
BRDA:171,32,0,0
BRDA:171,32,1,1
BRDA:182,33,0,0
BRDA:182,33,1,0
BRF:68
BRH:49
end_of_record
